c:\users\noëlie\documents\mines\mécatro\logiciel_mecatro\logiciel_mecatro\debug\vc120.pdb
c:\users\noëlie\documents\mines\mécatro\logiciel_mecatro\logiciel_mecatro\debug\takepicturetest.obj
c:\users\noëlie\documents\mines\mécatro\logiciel_mecatro\logiciel_mecatro\debug\synchronousgrab.obj
c:\users\noëlie\documents\mines\mécatro\logiciel_mecatro\logiciel_mecatro\debug\settingswindow.obj
c:\users\noëlie\documents\mines\mécatro\logiciel_mecatro\logiciel_mecatro\debug\serialcommunication.obj
c:\users\noëlie\documents\mines\mécatro\logiciel_mecatro\logiciel_mecatro\debug\processwindow.obj
c:\users\noëlie\documents\mines\mécatro\logiciel_mecatro\logiciel_mecatro\debug\main_prog.obj
c:\users\noëlie\documents\mines\mécatro\logiciel_mecatro\logiciel_mecatro\debug\moc_takepicturetest.obj
c:\users\noëlie\documents\mines\mécatro\logiciel_mecatro\logiciel_mecatro\debug\moc_synchronousgrab.obj
c:\users\noëlie\documents\mines\mécatro\logiciel_mecatro\logiciel_mecatro\debug\moc_settingswindow.obj
c:\users\noëlie\documents\mines\mécatro\logiciel_mecatro\logiciel_mecatro\debug\moc_processwindow.obj
c:\users\noëlie\documents\mines\mécatro\logiciel_mecatro\logiciel_mecatro\debug\moc_framingwindow.obj
c:\users\noëlie\documents\mines\mécatro\logiciel_mecatro\logiciel_mecatro\debug\moc_cameraobserver.obj
c:\users\noëlie\documents\mines\mécatro\logiciel_mecatro\logiciel_mecatro\debug\framingwindow.obj
c:\users\noëlie\documents\mines\mécatro\logiciel_mecatro\logiciel_mecatro\debug\camera_settings.obj
c:\users\noëlie\documents\mines\mécatro\logiciel_mecatro\logiciel_mecatro\debug\camerasettingswindow.obj
c:\users\noëlie\documents\mines\mécatro\logiciel_mecatro\logiciel_mecatro\debug\cameraobserver.obj
c:\users\noëlie\documents\mines\mécatro\logiciel_mecatro\logiciel_mecatro\debug\camera.obj
c:\users\noëlie\documents\mines\mécatro\logiciel_mecatro\logiciel_mecatro\generatedfiles\ui_logiciel_mecatro.h
c:\users\noëlie\documents\mines\mécatro\logiciel_mecatro\logiciel_mecatro\generatedfiles\debug\moc_framingwindow.cpp
c:\users\noëlie\documents\mines\mécatro\logiciel_mecatro\logiciel_mecatro\generatedfiles\debug\moc_processwindow.cpp
c:\users\noëlie\documents\mines\mécatro\logiciel_mecatro\logiciel_mecatro\generatedfiles\debug\moc_settingswindow.cpp
c:\users\noëlie\documents\mines\mécatro\logiciel_mecatro\logiciel_mecatro\generatedfiles\debug\moc_takepicturetest.cpp
c:\users\noëlie\documents\mines\mécatro\logiciel_mecatro\logiciel_mecatro\generatedfiles\qrc_logiciel_mecatro.cpp
c:\users\noëlie\documents\mines\mécatro\logiciel_mecatro\logiciel_mecatro\generatedfiles\debug\moc_cameraobserver.cpp
c:\users\noëlie\documents\mines\mécatro\logiciel_mecatro\logiciel_mecatro\generatedfiles\debug\moc_synchronousgrab.cpp
c:\users\noëlie\documents\mines\mécatro\logiciel_mecatro\logiciel_mecatro\debug\logiciel_mecatro.tlog\cl.command.1.tlog
c:\users\noëlie\documents\mines\mécatro\logiciel_mecatro\logiciel_mecatro\debug\logiciel_mecatro.tlog\cl.read.1.tlog
c:\users\noëlie\documents\mines\mécatro\logiciel_mecatro\logiciel_mecatro\debug\logiciel_mecatro.tlog\cl.write.1.tlog
c:\users\noëlie\documents\mines\mécatro\logiciel_mecatro\logiciel_mecatro\debug\logiciel_mecatro.tlog\custombuild.command.1.tlog
c:\users\noëlie\documents\mines\mécatro\logiciel_mecatro\logiciel_mecatro\debug\logiciel_mecatro.tlog\custombuild.read.1.tlog
c:\users\noëlie\documents\mines\mécatro\logiciel_mecatro\logiciel_mecatro\debug\logiciel_mecatro.tlog\custombuild.write.1.tlog
