c:\users\public\documents\allied vision\vimba_2.0\vimbacpp_examples\vimbaviewer\build\vs2010\win32\debug\intermediate\vimbaviewer\qwt_arrow_button.obj
c:\users\public\documents\allied vision\vimba_2.0\vimbacpp_examples\vimbaviewer\build\vs2010\win32\debug\intermediate\vimbaviewer\qwt_counter.obj
c:\users\public\documents\allied vision\vimba_2.0\vimbacpp_examples\vimbaviewer\build\vs2010\win32\debug\intermediate\vimbaviewer\qwt_double_range.obj
c:\users\public\documents\allied vision\vimba_2.0\vimbacpp_examples\vimbaviewer\build\vs2010\win32\debug\intermediate\vimbaviewer\qwt_event_pattern.obj
c:\users\public\documents\allied vision\vimba_2.0\vimbacpp_examples\vimbaviewer\build\vs2010\win32\debug\intermediate\vimbaviewer\qwt_legend_item.obj
c:\users\public\documents\allied vision\vimba_2.0\vimbacpp_examples\vimbaviewer\build\vs2010\win32\debug\intermediate\vimbaviewer\qwt_null_paintdevice.obj
c:\users\public\documents\allied vision\vimba_2.0\vimbacpp_examples\vimbaviewer\build\vs2010\win32\debug\intermediate\vimbaviewer\qwt_plot_dict.obj
c:\users\public\documents\allied vision\vimba_2.0\vimbacpp_examples\vimbaviewer\build\vs2010\win32\debug\intermediate\vimbaviewer\qwt_symbol.obj
c:\users\public\documents\allied vision\vimba_2.0\vimbacpp_examples\vimbaviewer\build\vs2010\win32\debug\intermediate\vimbaviewer\imagesaver.obj
c:\users\public\documents\allied vision\vimba_2.0\vimbacpp_examples\vimbaviewer\build\vs2010\win32\debug\intermediate\vimbaviewer\multicompleter.obj
c:\users\public\documents\allied vision\vimba_2.0\vimbacpp_examples\vimbaviewer\build\vs2010\win32\debug\intermediate\vimbaviewer\moc_qwt_dyngrid_layout.obj
c:\users\public\documents\allied vision\vimba_2.0\vimbacpp_examples\vimbaviewer\build\vs2010\win32\debug\intermediate\vimbaviewer\moc_qwt_legend_item.obj
c:\users\public\documents\allied vision\vimba_2.0\vimbacpp_examples\vimbaviewer\build\vs2010\win32\debug\intermediate\vimbaviewer\moc_qwt_plot_magnifier.obj
c:\users\public\documents\allied vision\vimba_2.0\vimbacpp_examples\vimbaviewer\build\vs2010\win32\debug\intermediate\vimbaviewer\moc_qwt_plot_zoomer.obj
c:\users\public\documents\allied vision\vimba_2.0\vimbacpp_examples\vimbaviewer\build\vs2010\win32\debug\intermediate\vimbaviewer\moc_qwt_thermo.obj
c:\users\public\documents\allied vision\vimba_2.0\vimbacpp_examples\vimbaviewer\build\vs2010\win32\debug\intermediate\vimbaviewer\qwt_compass.obj
c:\users\public\documents\allied vision\vimba_2.0\vimbacpp_examples\vimbaviewer\build\vs2010\win32\debug\intermediate\vimbaviewer\qwt_dial_needle.obj
c:\users\public\documents\allied vision\vimba_2.0\vimbacpp_examples\vimbaviewer\build\vs2010\win32\debug\intermediate\vimbaviewer\qwt_knob.obj
c:\users\public\documents\allied vision\vimba_2.0\vimbacpp_examples\vimbaviewer\build\vs2010\win32\debug\intermediate\vimbaviewer\qwt_math.obj
c:\users\public\documents\allied vision\vimba_2.0\vimbacpp_examples\vimbaviewer\build\vs2010\win32\debug\intermediate\vimbaviewer\qwt_picker_machine.obj
c:\users\public\documents\allied vision\vimba_2.0\vimbacpp_examples\vimbaviewer\build\vs2010\win32\debug\intermediate\vimbaviewer\qwt_point_polar.obj
c:\users\public\documents\allied vision\vimba_2.0\vimbacpp_examples\vimbaviewer\build\vs2010\win32\debug\intermediate\vimbaviewer\qwt_scale_div.obj
c:\users\public\documents\allied vision\vimba_2.0\vimbacpp_examples\vimbaviewer\build\vs2010\win32\debug\intermediate\vimbaviewer\qwt_spline.obj
c:\users\public\documents\allied vision\vimba_2.0\vimbacpp_examples\vimbaviewer\build\vs2010\win32\debug\intermediate\vimbaviewer\qwt_text_engine.obj
c:\users\public\documents\allied vision\vimba_2.0\vimbacpp_examples\vimbaviewer\build\vs2010\win32\debug\intermediate\vimbaviewer\qwt_wheel.obj
c:\users\public\documents\allied vision\vimba_2.0\vimbacpp_examples\vimbaviewer\build\vs2010\win32\debug\intermediate\vimbaviewer\splashscreen.obj
c:\users\public\documents\allied vision\vimba_2.0\vimbacpp_examples\vimbaviewer\build\vs2010\win32\debug\intermediate\vimbaviewer\excombobox.obj
c:\users\public\documents\allied vision\vimba_2.0\vimbacpp_examples\vimbaviewer\build\vs2010\win32\debug\intermediate\vimbaviewer\xbytearray.obj
c:\users\public\documents\allied vision\vimba_2.0\vimbacpp_examples\vimbaviewer\build\vs2010\win32\debug\intermediate\vimbaviewer\moc_excombobox.obj
c:\users\public\documents\allied vision\vimba_2.0\vimbacpp_examples\vimbaviewer\build\vs2010\win32\debug\intermediate\vimbaviewer\moc_qwt_abstract_slider.obj
c:\users\public\documents\allied vision\vimba_2.0\vimbacpp_examples\vimbaviewer\build\vs2010\win32\debug\intermediate\vimbaviewer\moc_qwt_compass.obj
c:\users\public\documents\allied vision\vimba_2.0\vimbacpp_examples\vimbaviewer\build\vs2010\win32\debug\intermediate\vimbaviewer\moc_qwt_dial.obj
c:\users\public\documents\allied vision\vimba_2.0\vimbacpp_examples\vimbaviewer\build\vs2010\win32\debug\intermediate\vimbaviewer\moc_qwt_panner.obj
c:\users\public\documents\allied vision\vimba_2.0\vimbacpp_examples\vimbaviewer\build\vs2010\win32\debug\intermediate\vimbaviewer\moc_qwt_plot_canvas.obj
c:\users\public\documents\allied vision\vimba_2.0\vimbacpp_examples\vimbaviewer\build\vs2010\win32\debug\intermediate\vimbaviewer\moc_qwt_plot_renderer.obj
c:\users\public\documents\allied vision\vimba_2.0\vimbacpp_examples\vimbaviewer\build\vs2010\win32\debug\intermediate\vimbaviewer\moc_qwt_slider.obj
c:\users\public\documents\allied vision\vimba_2.0\vimbacpp_examples\vimbaviewer\build\vs2010\win32\debug\intermediate\vimbaviewer\moc_sortfilterproxymodel.obj
c:\users\public\documents\allied vision\vimba_2.0\vimbacpp_examples\vimbaviewer\build\vs2010\win32\debug\intermediate\vimbaviewer\qwt_abstract_slider.obj
c:\users\public\documents\allied vision\vimba_2.0\vimbacpp_examples\vimbaviewer\build\vs2010\win32\debug\intermediate\vimbaviewer\qwt_color_map.obj
c:\users\public\documents\allied vision\vimba_2.0\vimbacpp_examples\vimbaviewer\build\vs2010\win32\debug\intermediate\vimbaviewer\qwt_compass_rose.obj
c:\users\public\documents\allied vision\vimba_2.0\vimbacpp_examples\vimbaviewer\build\vs2010\win32\debug\intermediate\vimbaviewer\qwt_interval.obj
c:\users\public\documents\allied vision\vimba_2.0\vimbacpp_examples\vimbaviewer\build\vs2010\win32\debug\intermediate\vimbaviewer\qwt_legend.obj
c:\users\public\documents\allied vision\vimba_2.0\vimbacpp_examples\vimbaviewer\build\vs2010\win32\debug\intermediate\vimbaviewer\qwt_matrix_raster_data.obj
c:\users\public\documents\allied vision\vimba_2.0\vimbacpp_examples\vimbaviewer\build\vs2010\win32\debug\intermediate\vimbaviewer\qwt_picker.obj
c:\users\public\documents\allied vision\vimba_2.0\vimbacpp_examples\vimbaviewer\build\vs2010\win32\debug\intermediate\vimbaviewer\qwt_plot_seriesitem.obj
c:\users\public\documents\allied vision\vimba_2.0\vimbacpp_examples\vimbaviewer\build\vs2010\win32\debug\intermediate\vimbaviewer\qwt_point_3d.obj
c:\users\public\documents\allied vision\vimba_2.0\vimbacpp_examples\vimbaviewer\build\vs2010\win32\debug\intermediate\vimbaviewer\qwt_sampling_thread.obj
c:\users\public\documents\allied vision\vimba_2.0\vimbacpp_examples\vimbaviewer\build\vs2010\win32\debug\intermediate\vimbaviewer\qwt_text.obj
c:\users\public\documents\allied vision\vimba_2.0\vimbacpp_examples\vimbaviewer\build\vs2010\win32\debug\intermediate\vimbaviewer\commands.obj
c:\users\public\documents\allied vision\vimba_2.0\vimbacpp_examples\vimbaviewer\build\vs2010\win32\debug\intermediate\vimbaviewer\intspinbox.obj
c:\users\public\documents\allied vision\vimba_2.0\vimbacpp_examples\vimbaviewer\build\vs2010\win32\debug\intermediate\vimbaviewer\moc_floatspinbox.obj
c:\users\public\documents\allied vision\vimba_2.0\vimbacpp_examples\vimbaviewer\build\vs2010\win32\debug\intermediate\vimbaviewer\moc_intspinbox.obj
c:\users\public\documents\allied vision\vimba_2.0\vimbacpp_examples\vimbaviewer\build\vs2010\win32\debug\intermediate\vimbaviewer\moc_qwt_counter.obj
c:\users\public\documents\allied vision\vimba_2.0\vimbacpp_examples\vimbaviewer\build\vs2010\win32\debug\intermediate\vimbaviewer\moc_qwt_legend.obj
c:\users\public\documents\allied vision\vimba_2.0\vimbacpp_examples\vimbaviewer\build\vs2010\win32\debug\intermediate\vimbaviewer\moc_qwt_picker.obj
c:\users\public\documents\allied vision\vimba_2.0\vimbacpp_examples\vimbaviewer\build\vs2010\win32\debug\intermediate\vimbaviewer\moc_qwt_plot_panner.obj
c:\users\public\documents\allied vision\vimba_2.0\vimbacpp_examples\vimbaviewer\build\vs2010\win32\debug\intermediate\vimbaviewer\moc_qwt_sampling_thread.obj
c:\users\public\documents\allied vision\vimba_2.0\vimbacpp_examples\vimbaviewer\build\vs2010\win32\debug\intermediate\vimbaviewer\moc_qwt_text_label.obj
c:\users\public\documents\allied vision\vimba_2.0\vimbacpp_examples\vimbaviewer\build\vs2010\win32\debug\intermediate\vimbaviewer\qwt_analog_clock.obj
c:\users\public\documents\allied vision\vimba_2.0\vimbacpp_examples\vimbaviewer\build\vs2010\win32\debug\intermediate\vimbaviewer\qwt_column_symbol.obj
c:\users\public\documents\allied vision\vimba_2.0\vimbacpp_examples\vimbaviewer\build\vs2010\win32\debug\intermediate\vimbaviewer\qwt_curve_fitter.obj
c:\users\public\documents\allied vision\vimba_2.0\vimbacpp_examples\vimbaviewer\build\vs2010\win32\debug\intermediate\vimbaviewer\qwt_dyngrid_layout.obj
c:\users\public\documents\allied vision\vimba_2.0\vimbacpp_examples\vimbaviewer\build\vs2010\win32\debug\intermediate\vimbaviewer\qwt_interval_symbol.obj
c:\users\public\documents\allied vision\vimba_2.0\vimbacpp_examples\vimbaviewer\build\vs2010\win32\debug\intermediate\vimbaviewer\qwt_magnifier.obj
c:\users\public\documents\allied vision\vimba_2.0\vimbacpp_examples\vimbaviewer\build\vs2010\win32\debug\intermediate\vimbaviewer\qwt_panner.obj
c:\users\public\documents\allied vision\vimba_2.0\vimbacpp_examples\vimbaviewer\build\vs2010\win32\debug\intermediate\vimbaviewer\qwt_raster_data.obj
c:\users\public\documents\allied vision\vimba_2.0\vimbacpp_examples\vimbaviewer\build\vs2010\win32\debug\intermediate\vimbaviewer\qwt_system_clock.obj
c:\users\public\documents\allied vision\vimba_2.0\vimbacpp_examples\vimbaviewer\build\vs2010\win32\debug\intermediate\vimbaviewer\qwt_text_label.obj
c:\users\public\documents\allied vision\vimba_2.0\vimbacpp_examples\vimbaviewer\build\vs2010\win32\debug\intermediate\vimbaviewer\floatspinbox.obj
c:\users\public\documents\allied vision\vimba_2.0\vimbacpp_examples\vimbaviewer\build\vs2010\win32\debug\intermediate\vimbaviewer\sortfilterproxymodel.obj
c:\users\public\documents\allied vision\vimba_2.0\vimbacpp_examples\vimbaviewer\build\vs2010\win32\debug\intermediate\vimbaviewer\moc_imagesaver.obj
c:\users\public\documents\allied vision\vimba_2.0\vimbacpp_examples\vimbaviewer\build\vs2010\win32\debug\intermediate\vimbaviewer\moc_lineeditcompleter.obj
c:\users\public\documents\allied vision\vimba_2.0\vimbacpp_examples\vimbaviewer\build\vs2010\win32\debug\intermediate\vimbaviewer\moc_multicompleter.obj
c:\users\public\documents\allied vision\vimba_2.0\vimbacpp_examples\vimbaviewer\build\vs2010\win32\debug\intermediate\vimbaviewer\moc_qwt_analog_clock.obj
c:\users\public\documents\allied vision\vimba_2.0\vimbacpp_examples\vimbaviewer\build\vs2010\win32\debug\intermediate\vimbaviewer\moc_qwt_knob.obj
c:\users\public\documents\allied vision\vimba_2.0\vimbacpp_examples\vimbaviewer\build\vs2010\win32\debug\intermediate\vimbaviewer\moc_qwt_magnifier.obj
c:\users\public\documents\allied vision\vimba_2.0\vimbacpp_examples\vimbaviewer\build\vs2010\win32\debug\intermediate\vimbaviewer\moc_qwt_plot_picker.obj
c:\users\public\documents\allied vision\vimba_2.0\vimbacpp_examples\vimbaviewer\build\vs2010\win32\debug\intermediate\vimbaviewer\moc_qwt_scale_widget.obj
c:\users\public\documents\allied vision\vimba_2.0\vimbacpp_examples\vimbaviewer\build\vs2010\win32\debug\intermediate\vimbaviewer\moc_qwt_wheel.obj
c:\users\public\documents\allied vision\vimba_2.0\vimbacpp_examples\vimbaviewer\build\vs2010\generatedfiles\qrc_vimbaviewer.cpp
c:\users\public\documents\allied vision\vimba_2.0\vimbacpp_examples\vimbaviewer\build\vs2010\generatedfiles\ui_mainwindow.h
c:\users\public\documents\allied vision\vimba_2.0\vimbacpp_examples\vimbaviewer\build\vs2010\generatedfiles\ui_viewerwindow.h
c:\users\public\documents\allied vision\vimba_2.0\vimbacpp_examples\vimbaviewer\build\vs2010\generatedfiles\debug\moc_qwt_abstract_slider.cpp
c:\users\public\documents\allied vision\vimba_2.0\vimbacpp_examples\vimbaviewer\build\vs2010\generatedfiles\debug\moc_qwt_analog_clock.cpp
c:\users\public\documents\allied vision\vimba_2.0\vimbacpp_examples\vimbaviewer\build\vs2010\generatedfiles\debug\moc_qwt_compass.cpp
c:\users\public\documents\allied vision\vimba_2.0\vimbacpp_examples\vimbaviewer\build\vs2010\generatedfiles\debug\moc_qwt_counter.cpp
c:\users\public\documents\allied vision\vimba_2.0\vimbacpp_examples\vimbaviewer\build\vs2010\generatedfiles\debug\moc_qwt_dial.cpp
c:\users\public\documents\allied vision\vimba_2.0\vimbacpp_examples\vimbaviewer\build\vs2010\generatedfiles\debug\moc_qwt_dyngrid_layout.cpp
c:\users\public\documents\allied vision\vimba_2.0\vimbacpp_examples\vimbaviewer\build\vs2010\generatedfiles\debug\moc_qwt_knob.cpp
c:\users\public\documents\allied vision\vimba_2.0\vimbacpp_examples\vimbaviewer\build\vs2010\generatedfiles\debug\moc_qwt_legend.cpp
c:\users\public\documents\allied vision\vimba_2.0\vimbacpp_examples\vimbaviewer\build\vs2010\generatedfiles\debug\moc_qwt_legend_item.cpp
c:\users\public\documents\allied vision\vimba_2.0\vimbacpp_examples\vimbaviewer\build\vs2010\generatedfiles\debug\moc_qwt_magnifier.cpp
c:\users\public\documents\allied vision\vimba_2.0\vimbacpp_examples\vimbaviewer\build\vs2010\generatedfiles\debug\moc_qwt_panner.cpp
c:\users\public\documents\allied vision\vimba_2.0\vimbacpp_examples\vimbaviewer\build\vs2010\generatedfiles\debug\moc_qwt_picker.cpp
c:\users\public\documents\allied vision\vimba_2.0\vimbacpp_examples\vimbaviewer\build\vs2010\generatedfiles\debug\moc_qwt_plot.cpp
c:\users\public\documents\allied vision\vimba_2.0\vimbacpp_examples\vimbaviewer\build\vs2010\generatedfiles\debug\moc_qwt_plot_canvas.cpp
c:\users\public\documents\allied vision\vimba_2.0\vimbacpp_examples\vimbaviewer\build\vs2010\generatedfiles\debug\moc_qwt_plot_magnifier.cpp
c:\users\public\documents\allied vision\vimba_2.0\vimbacpp_examples\vimbaviewer\build\vs2010\generatedfiles\debug\moc_qwt_plot_panner.cpp
c:\users\public\documents\allied vision\vimba_2.0\vimbacpp_examples\vimbaviewer\build\vs2010\generatedfiles\debug\moc_qwt_plot_picker.cpp
c:\users\public\documents\allied vision\vimba_2.0\vimbacpp_examples\vimbaviewer\build\vs2010\generatedfiles\debug\moc_qwt_plot_renderer.cpp
c:\users\public\documents\allied vision\vimba_2.0\vimbacpp_examples\vimbaviewer\build\vs2010\generatedfiles\debug\moc_qwt_plot_zoomer.cpp
c:\users\public\documents\allied vision\vimba_2.0\vimbacpp_examples\vimbaviewer\build\vs2010\generatedfiles\debug\moc_qwt_sampling_thread.cpp
c:\users\public\documents\allied vision\vimba_2.0\vimbacpp_examples\vimbaviewer\build\vs2010\generatedfiles\debug\moc_qwt_scale_widget.cpp
c:\users\public\documents\allied vision\vimba_2.0\vimbacpp_examples\vimbaviewer\build\vs2010\generatedfiles\debug\moc_qwt_slider.cpp
c:\users\public\documents\allied vision\vimba_2.0\vimbacpp_examples\vimbaviewer\build\vs2010\generatedfiles\debug\moc_qwt_text_label.cpp
c:\users\public\documents\allied vision\vimba_2.0\vimbacpp_examples\vimbaviewer\build\vs2010\generatedfiles\debug\moc_qwt_thermo.cpp
c:\users\public\documents\allied vision\vimba_2.0\vimbacpp_examples\vimbaviewer\build\vs2010\generatedfiles\debug\moc_qwt_wheel.cpp
c:\users\public\documents\allied vision\vimba_2.0\vimbacpp_examples\vimbaviewer\build\vs2010\generatedfiles\debug\moc_imagesaver.cpp
c:\users\public\documents\allied vision\vimba_2.0\vimbacpp_examples\vimbaviewer\build\vs2010\generatedfiles\debug\moc_cameratreewindow.cpp
c:\users\public\documents\allied vision\vimba_2.0\vimbacpp_examples\vimbaviewer\build\vs2010\generatedfiles\debug\moc_controllertreewindow.cpp
c:\users\public\documents\allied vision\vimba_2.0\vimbacpp_examples\vimbaviewer\build\vs2010\generatedfiles\debug\moc_dockwidgetwindow.cpp
c:\users\public\documents\allied vision\vimba_2.0\vimbacpp_examples\vimbaviewer\build\vs2010\generatedfiles\debug\moc_cameraobserver.cpp
c:\users\public\documents\allied vision\vimba_2.0\vimbacpp_examples\vimbaviewer\build\vs2010\generatedfiles\debug\moc_featureobserver.cpp
c:\users\public\documents\allied vision\vimba_2.0\vimbacpp_examples\vimbaviewer\build\vs2010\generatedfiles\debug\moc_frameobserver.cpp
c:\users\public\documents\allied vision\vimba_2.0\vimbacpp_examples\vimbaviewer\build\vs2010\generatedfiles\debug\moc_mainwindow.cpp
c:\users\public\documents\allied vision\vimba_2.0\vimbacpp_examples\vimbaviewer\build\vs2010\generatedfiles\debug\moc_intspinbox.cpp
c:\users\public\documents\allied vision\vimba_2.0\vimbacpp_examples\vimbaviewer\build\vs2010\generatedfiles\debug\moc_loggerwindow.cpp
c:\users\public\documents\allied vision\vimba_2.0\vimbacpp_examples\vimbaviewer\build\vs2010\generatedfiles\debug\moc_maininformationwindow.cpp
c:\users\public\documents\allied vision\vimba_2.0\vimbacpp_examples\vimbaviewer\build\vs2010\generatedfiles\debug\moc_mdichild.cpp
c:\users\public\documents\allied vision\vimba_2.0\vimbacpp_examples\vimbaviewer\build\vs2010\generatedfiles\debug\moc_viewer.cpp
c:\users\public\documents\allied vision\vimba_2.0\vimbacpp_examples\vimbaviewer\build\vs2010\generatedfiles\debug\moc_viewerwindow.cpp
c:\users\public\documents\allied vision\vimba_2.0\vimbacpp_examples\vimbaviewer\build\vs2010\generatedfiles\debug\moc_floatspinbox.cpp
c:\users\public\documents\allied vision\vimba_2.0\vimbacpp_examples\vimbaviewer\build\vs2010\generatedfiles\debug\moc_excombobox.cpp
c:\users\public\documents\allied vision\vimba_2.0\vimbacpp_examples\vimbaviewer\build\vs2010\generatedfiles\debug\moc_hexmainwindow.cpp
c:\users\public\documents\allied vision\vimba_2.0\vimbacpp_examples\vimbaviewer\build\vs2010\generatedfiles\debug\moc_hexoptiondialog.cpp
c:\users\public\documents\allied vision\vimba_2.0\vimbacpp_examples\vimbaviewer\build\vs2010\generatedfiles\debug\moc_qhexedit.cpp
c:\users\public\documents\allied vision\vimba_2.0\vimbacpp_examples\vimbaviewer\build\vs2010\generatedfiles\debug\moc_qhexedit_p.cpp
c:\users\public\documents\allied vision\vimba_2.0\vimbacpp_examples\vimbaviewer\build\vs2010\generatedfiles\debug\moc_histogramwindow.cpp
c:\users\public\documents\allied vision\vimba_2.0\vimbacpp_examples\vimbaviewer\build\vs2010\generatedfiles\debug\moc_histogramthread.cpp
c:\users\public\documents\allied vision\vimba_2.0\vimbacpp_examples\vimbaviewer\build\vs2010\generatedfiles\debug\moc_sortfilterproxymodel.cpp
c:\users\public\documents\allied vision\vimba_2.0\vimbacpp_examples\vimbaviewer\build\vs2010\generatedfiles\debug\moc_lineeditcompleter.cpp
c:\users\public\documents\allied vision\vimba_2.0\vimbacpp_examples\vimbaviewer\build\vs2010\generatedfiles\debug\moc_multicompleter.cpp
c:\users\public\documents\allied vision\vimba_2.0\vimbacpp_examples\vimbaviewer\build\vs2010\generatedfiles\ui_directaccess.h
c:\users\public\documents\allied vision\vimba_2.0\vimbacpp_examples\vimbaviewer\build\vs2010\generatedfiles\ui_savingprogress.h
c:\users\public\documents\allied vision\vimba_2.0\vimbacpp_examples\vimbaviewer\build\vs2010\generatedfiles\ui_openbyid.h
c:\users\public\documents\allied vision\vimba_2.0\vimbacpp_examples\vimbaviewer\build\vs2010\generatedfiles\ui_optiondialog.h
c:\users\public\documents\allied vision\vimba_2.0\vimbacpp_examples\vimbaviewer\build\vs2010\generatedfiles\ui_saveimageoption.h
c:\users\public\documents\allied vision\vimba_2.0\vimbacpp_examples\vimbaviewer\build\vs2010\generatedfiles\ui_vieweroption.h
c:\users\public\documents\allied vision\vimba_2.0\vimbacpp_examples\vimbaviewer\build\vs2010\generatedfiles\ui_startoption.h
c:\users\public\documents\allied vision\vimba_2.0\vimbacpp_examples\vimbaviewer\build\vs2010\win32\debug\intermediate\vimbaviewer\vc120.pdb
c:\users\public\documents\allied vision\vimba_2.0\vimbacpp_examples\vimbaviewer\build\vs2010\win32\debug\intermediate\vimbaviewer\vimbaviewer.tlog\cl.command.1.tlog
c:\users\public\documents\allied vision\vimba_2.0\vimbacpp_examples\vimbaviewer\build\vs2010\win32\debug\intermediate\vimbaviewer\vimbaviewer.tlog\cl.read.1.tlog
c:\users\public\documents\allied vision\vimba_2.0\vimbacpp_examples\vimbaviewer\build\vs2010\win32\debug\intermediate\vimbaviewer\vimbaviewer.tlog\cl.write.1.tlog
c:\users\public\documents\allied vision\vimba_2.0\vimbacpp_examples\vimbaviewer\build\vs2010\win32\debug\intermediate\vimbaviewer\vimbaviewer.tlog\custombuild.command.1.tlog
c:\users\public\documents\allied vision\vimba_2.0\vimbacpp_examples\vimbaviewer\build\vs2010\win32\debug\intermediate\vimbaviewer\vimbaviewer.tlog\custombuild.read.1.tlog
c:\users\public\documents\allied vision\vimba_2.0\vimbacpp_examples\vimbaviewer\build\vs2010\win32\debug\intermediate\vimbaviewer\vimbaviewer.tlog\custombuild.write.1.tlog
