Build started 17/05/2016 14:28:31.
     1>Project "C:\Users\Noëlie\Documents\Mines\Mécatro\Logiciel_mecatro\Logiciel_mecatro\Logiciel_mecatro.vcxproj" on node 2 (Build target(s)).
     1>ClCompile:
         C:\Program Files (x86)\Microsoft Visual Studio 12.0\VC\bin\CL.exe /c /I.\GeneratedFiles /I. /IC:\Qt\5.5\msvc2013\include /I.\GeneratedFiles\Release /IC:\Qt\5.5\msvc2013\include\QtCore /IC:\Qt\5.5\msvc2013\include\QtGui /IC:\Qt\5.5\msvc2013\include\QtWidgets /nologo /W1 /WX- /O2 /Oy- /D UNICODE /D WIN32 /D WIN64 /D QT_DLL /D QT_NO_DEBUG /D NDEBUG /D QT_CORE_LIB /D QT_GUI_LIB /D QT_WIDGETS_LIB /Gm- /EHsc /MD /GS /fp:precise /Zc:wchar_t /Zc:forScope /Fo"Release\\" /Fd"Release\vc120.pdb" /Gd /TP /analyze- /errorReport:prompt camera.cpp
         camera.cpp
       Link:
         C:\Program Files (x86)\Microsoft Visual Studio 12.0\VC\bin\link.exe /ERRORREPORT:PROMPT /OUT:"C:\Users\Noëlie\Documents\Mines\Mécatro\Logiciel_mecatro\Win32\Release\\Logiciel_mecatro.exe" /NOLOGO /LIBPATH:C:\Qt\5.5\msvc2013\lib qtmaind.lib Qt5Cored.lib Qt5Guid.lib Qt5Widgets.lib VimbaC.lib VimbaCPP.lib kernel32.lib user32.lib gdi32.lib winspool.lib comdlg32.lib advapi32.lib shell32.lib ole32.lib oleaut32.lib uuid.lib odbc32.lib odbccp32.lib /MANIFEST /MANIFESTUAC:"level='asInvoker' uiAccess='false'" /manifest:embed /PDB:"C:\Users\Noëlie\Documents\Mines\Mécatro\Logiciel_mecatro\Win32\Release\Logiciel_mecatro.pdb" /SUBSYSTEM:WINDOWS /TLBID:1 /DYNAMICBASE /NXCOMPAT /IMPLIB:"C:\Users\Noëlie\Documents\Mines\Mécatro\Logiciel_mecatro\Win32\Release\Logiciel_mecatro.lib" /MACHINE:X86 /SAFESEH Release\camera.obj
         Release\cameraSettingsWindow.obj
         Release\camera_settings.obj
         Release\FramingWindow.obj
         Release\moc_FramingWindow.obj
         Release\moc_SettingsWindow.obj
         Release\moc_TakePictureTest.obj
         Release\qrc_logiciel_mecatro.obj
         Release\moc_ProcessWindow.obj
         Release\Main_Prog.obj
         Release\ProcessWindow.obj
         Release\SerialCommunication.obj
         Release\SettingsWindow.obj
         Release\TakePictureTest.obj
     1>qtmaind.lib(qtmain_win.obj) : error LNK2038: mismatch detected for '_ITERATOR_DEBUG_LEVEL': value '2' doesn't match value '0' in camera.obj
     1>qtmaind.lib(qtmain_win.obj) : error LNK2038: mismatch detected for 'RuntimeLibrary': value 'MDd_DynamicDebug' doesn't match value 'MD_DynamicRelease' in camera.obj
     1>MSVCRT.lib(cinitexe.obj) : warning LNK4098: defaultlib 'msvcrtd.lib' conflicts with use of other libs; use /NODEFAULTLIB:library
     1>C:\Users\Noëlie\Documents\Mines\Mécatro\Logiciel_mecatro\Win32\Release\\Logiciel_mecatro.exe : fatal error LNK1319: 2 mismatches detected
     1>Done Building Project "C:\Users\Noëlie\Documents\Mines\Mécatro\Logiciel_mecatro\Logiciel_mecatro\Logiciel_mecatro.vcxproj" (Build target(s)) -- FAILED.

Build FAILED.

Time Elapsed 00:00:01.56
